Initialising login role...
Connecting to remote database...
Do you want to push these migrations to the remote database?
  20260222_add_distance_unit_to_users.sql
  20260222_add_image_url_to_vehicles.sql
  20260222_add_profiles_and_avatars.sql
  20260222_expand_vehicle_details.sql
  20260223052429_add_custom_fields_to_vehicles.sql
  20260223145804_add_custom_trackers.sql
  20260223152722_add_tyre_info.sql
  20260224000000_vehicle_custom_trackers.sql
  20260226_add_vehicle_nickname.sql
  20260226_document_vault.sql
  20260226_service_reminders.sql

 [Y/n] Applying migration 20260222_add_distance_unit_to_users.sql...
NOTICE (42701): column "distance_unit" of relation "users" already exists, skipping
ERROR: duplicate key value violates unique constraint "schema_migrations_pkey" (SQLSTATE 23505)
Key (version)=(20260222) already exists.                                                       
At statement: 1                                                                                
INSERT INTO supabase_migrations.schema_migrations(version, name, statements) VALUES($1, $2, $3)
Try rerunning the command with --debug to troubleshoot the error.
